Starting ExcelApplication on DESKTOP-306J2P2 with PID 9448 (D:\xzt\java\excel\target\classes started by Administrator in D:\xzt\java\excel)
No active profile set, falling back to default profiles: default
No MyBatis mapper was found in '[com.zxjiahhl.excel.mapper]' package. Please check your configuration.
No MyBatis mapper was found in '[com.zxjiahhl.excel]' package. Please check your configuration.
Tomcat initialized with port(s): 8080 (http)
Initializing ProtocolHandler ["http-nio-8080"]
Starting service [Tomcat]
Starting Servlet Engine: Apache Tomcat/9.0.12
The APR based Apache Tomcat Native library which allows optimal performance in production environments was not found on the java.library.path: [D:\devTools\Java\jdk1.8.0_172\bin;C:\WINDOWS\Sun\Java\bin;C:\WINDOWS\system32;C:\WINDOWS;D:\WorkspaceJava\1-ClientDemo\ClientDemo-NetBeansPro;C:\Program Files (x86)\Common Files\Oracle\Java\javapath;C:\Program Files (x86)\Borland\Delphi7\Bin;C:\Program Files (x86)\Borland\Delphi7\Projects\Bpl\;C:\Program Files (x86)\Intel\Intel(R) Management Engine Components\iCLS\;C:\Program Files\Intel\Intel(R) Management Engine Components\iCLS\;C:\Windows\system32;C:\Windows;C:\Windows\System32\Wbem;C:\Windows\System32\WindowsPowerShell\v1.0\;C:\Program Files (x86)\Intel\Intel(R) Management Engine Components\DAL;C:\Program Files\Intel\Intel(R) Management Engine Components\DAL;C:\Program Files (x86)\Intel\Intel(R) Management Engine Components\IPT;C:\Program Files\Intel\Intel(R) Management Engine Components\IPT;C:\Program Files (x86)\NVIDIA Corporation\PhysX\Common;C:\Program Files\Intel\WiFi\bin\;C:\Program Files\Common Files\Intel\WirelessCommon\;C:\WINDOWS\system32;C:\WINDOWS;C:\WINDOWS\System32\Wbem;C:\WINDOWS\System32\WindowsPowerShell\v1.0\;C:\WINDOWS\System32\OpenSSH\;C:\Program Files\Git\cmd;C:\Program Files\Git\mingw64\bin;C:\Program Files\Git\usr\bin;C:\Program Files (x86)\Git\cmd;C:\Program Files (x86)\Git\bin;C:\Program Files\TortoiseGit\bin;C:\Program Files\TortoiseSVN\bin;C:\TDM-GCC-64\bin;D:\go\1.9.2.windows-amd64;D:\go\1.9.2.windows-amd64\BIN;E:\golang项目;;C:\TDM-GCC-64\bin;C:\Program Files (x86)\Linaro\gcc-linaro-arm-linux-gnueabihf-4.8-2014.04\bin;D:\workspace;E:\golang项目;D:\devTools\Java\jdk1.8.0_172\bin;C:\Users\Administrator\AppData\Local\Microsoft\WindowsApps;;.]
Initializing Spring embedded WebApplicationContext
Root WebApplicationContext: initialization completed in 1044 ms
Servlet dispatcherServlet mapped to [/]
Mapping filter: 'characterEncodingFilter' to: [/*]
Mapping filter: 'hiddenHttpMethodFilter' to: [/*]
Mapping filter: 'formContentFilter' to: [/*]
Mapping filter: 'requestContextFilter' to: [/*]
Initializing ExecutorService 'applicationTaskExecutor'
Exception encountered during context initialization - cancelling refresh attempt: org.springframework.beans.factory.UnsatisfiedDependencyException: Error creating bean with name 'dataSource' defined in class path resource [org/springframework/boot/autoconfigure/jdbc/DataSourceConfiguration$Generic.class]: Unsatisfied dependency expressed through method 'dataSource' parameter 0; nested exception is org.springframework.boot.context.properties.ConfigurationPropertiesBindException: Error creating bean with name 'spring.datasource-org.springframework.boot.autoconfigure.jdbc.DataSourceProperties': Could not bind properties to 'DataSourceProperties' : prefix=spring.datasource, ignoreInvalidFields=false, ignoreUnknownFields=true; nested exception is org.springframework.boot.context.properties.bind.BindException: Failed to bind properties under 'spring.datasource.type' to java.lang.Class<javax.sql.DataSource>
Shutting down ExecutorService 'applicationTaskExecutor'
Stopping service [Tomcat]


Error starting ApplicationContext. To display the conditions report re-run your application with 'debug' enabled.
Starting ExcelApplication on DESKTOP-306J2P2 with PID 12968 (D:\xzt\java\excel\target\classes started by Administrator in D:\xzt\java\excel)
No active profile set, falling back to default profiles: default
No MyBatis mapper was found in '[com.zxjiahhl.excel.mapper]' package. Please check your configuration.
No MyBatis mapper was found in '[com.zxjiahhl.excel]' package. Please check your configuration.
Tomcat initialized with port(s): 8080 (http)
Initializing ProtocolHandler ["http-nio-8080"]
Starting service [Tomcat]
Starting Servlet Engine: Apache Tomcat/9.0.12
The APR based Apache Tomcat Native library which allows optimal performance in production environments was not found on the java.library.path: [D:\devTools\Java\jdk1.8.0_172\bin;C:\WINDOWS\Sun\Java\bin;C:\WINDOWS\system32;C:\WINDOWS;D:\WorkspaceJava\1-ClientDemo\ClientDemo-NetBeansPro;C:\Program Files (x86)\Common Files\Oracle\Java\javapath;C:\Program Files (x86)\Borland\Delphi7\Bin;C:\Program Files (x86)\Borland\Delphi7\Projects\Bpl\;C:\Program Files (x86)\Intel\Intel(R) Management Engine Components\iCLS\;C:\Program Files\Intel\Intel(R) Management Engine Components\iCLS\;C:\Windows\system32;C:\Windows;C:\Windows\System32\Wbem;C:\Windows\System32\WindowsPowerShell\v1.0\;C:\Program Files (x86)\Intel\Intel(R) Management Engine Components\DAL;C:\Program Files\Intel\Intel(R) Management Engine Components\DAL;C:\Program Files (x86)\Intel\Intel(R) Management Engine Components\IPT;C:\Program Files\Intel\Intel(R) Management Engine Components\IPT;C:\Program Files (x86)\NVIDIA Corporation\PhysX\Common;C:\Program Files\Intel\WiFi\bin\;C:\Program Files\Common Files\Intel\WirelessCommon\;C:\WINDOWS\system32;C:\WINDOWS;C:\WINDOWS\System32\Wbem;C:\WINDOWS\System32\WindowsPowerShell\v1.0\;C:\WINDOWS\System32\OpenSSH\;C:\Program Files\Git\cmd;C:\Program Files\Git\mingw64\bin;C:\Program Files\Git\usr\bin;C:\Program Files (x86)\Git\cmd;C:\Program Files (x86)\Git\bin;C:\Program Files\TortoiseGit\bin;C:\Program Files\TortoiseSVN\bin;C:\TDM-GCC-64\bin;D:\go\1.9.2.windows-amd64;D:\go\1.9.2.windows-amd64\BIN;E:\golang项目;;C:\TDM-GCC-64\bin;C:\Program Files (x86)\Linaro\gcc-linaro-arm-linux-gnueabihf-4.8-2014.04\bin;D:\workspace;E:\golang项目;D:\devTools\Java\jdk1.8.0_172\bin;C:\Users\Administrator\AppData\Local\Microsoft\WindowsApps;;.]
Initializing Spring embedded WebApplicationContext
Root WebApplicationContext: initialization completed in 839 ms
Servlet dispatcherServlet mapped to [/]
Mapping filter: 'characterEncodingFilter' to: [/*]
Mapping filter: 'hiddenHttpMethodFilter' to: [/*]
Mapping filter: 'formContentFilter' to: [/*]
Mapping filter: 'requestContextFilter' to: [/*]
Initializing ExecutorService 'applicationTaskExecutor'
Starting ProtocolHandler ["http-nio-8080"]
Pausing ProtocolHandler ["http-nio-8080"]
Stopping service [Tomcat]
The stop() method was called on component [StandardServer[-1]] after stop() had already been called. The second call will be ignored.
Stopping ProtocolHandler ["http-nio-8080"]
Destroying ProtocolHandler ["http-nio-8080"]


Error starting ApplicationContext. To display the conditions report re-run your application with 'debug' enabled.
Shutting down ExecutorService 'applicationTaskExecutor'
Starting ExcelApplication on DESKTOP-306J2P2 with PID 7744 (D:\xzt\java\excel\target\classes started by Administrator in D:\xzt\java\excel)
No active profile set, falling back to default profiles: default
No MyBatis mapper was found in '[com.zxjiahhl.excel.mapper]' package. Please check your configuration.
No MyBatis mapper was found in '[com.zxjiahhl.excel]' package. Please check your configuration.
Tomcat initialized with port(s): 8080 (http)
Initializing ProtocolHandler ["http-nio-8080"]
Starting service [Tomcat]
Starting Servlet Engine: Apache Tomcat/9.0.12
The APR based Apache Tomcat Native library which allows optimal performance in production environments was not found on the java.library.path: [D:\devTools\Java\jdk1.8.0_172\bin;C:\WINDOWS\Sun\Java\bin;C:\WINDOWS\system32;C:\WINDOWS;D:\WorkspaceJava\1-ClientDemo\ClientDemo-NetBeansPro;C:\Program Files (x86)\Common Files\Oracle\Java\javapath;C:\Program Files (x86)\Borland\Delphi7\Bin;C:\Program Files (x86)\Borland\Delphi7\Projects\Bpl\;C:\Program Files (x86)\Intel\Intel(R) Management Engine Components\iCLS\;C:\Program Files\Intel\Intel(R) Management Engine Components\iCLS\;C:\Windows\system32;C:\Windows;C:\Windows\System32\Wbem;C:\Windows\System32\WindowsPowerShell\v1.0\;C:\Program Files (x86)\Intel\Intel(R) Management Engine Components\DAL;C:\Program Files\Intel\Intel(R) Management Engine Components\DAL;C:\Program Files (x86)\Intel\Intel(R) Management Engine Components\IPT;C:\Program Files\Intel\Intel(R) Management Engine Components\IPT;C:\Program Files (x86)\NVIDIA Corporation\PhysX\Common;C:\Program Files\Intel\WiFi\bin\;C:\Program Files\Common Files\Intel\WirelessCommon\;C:\WINDOWS\system32;C:\WINDOWS;C:\WINDOWS\System32\Wbem;C:\WINDOWS\System32\WindowsPowerShell\v1.0\;C:\WINDOWS\System32\OpenSSH\;C:\Program Files\Git\cmd;C:\Program Files\Git\mingw64\bin;C:\Program Files\Git\usr\bin;C:\Program Files (x86)\Git\cmd;C:\Program Files (x86)\Git\bin;C:\Program Files\TortoiseGit\bin;C:\Program Files\TortoiseSVN\bin;C:\TDM-GCC-64\bin;D:\go\1.9.2.windows-amd64;D:\go\1.9.2.windows-amd64\BIN;E:\golang项目;;C:\TDM-GCC-64\bin;C:\Program Files (x86)\Linaro\gcc-linaro-arm-linux-gnueabihf-4.8-2014.04\bin;D:\workspace;E:\golang项目;D:\devTools\Java\jdk1.8.0_172\bin;C:\Users\Administrator\AppData\Local\Microsoft\WindowsApps;;.]
Initializing Spring embedded WebApplicationContext
Root WebApplicationContext: initialization completed in 797 ms
Servlet dispatcherServlet mapped to [/]
Mapping filter: 'characterEncodingFilter' to: [/*]
Mapping filter: 'hiddenHttpMethodFilter' to: [/*]
Mapping filter: 'formContentFilter' to: [/*]
Mapping filter: 'requestContextFilter' to: [/*]
Initializing ExecutorService 'applicationTaskExecutor'
Starting ProtocolHandler ["http-nio-8080"]
Pausing ProtocolHandler ["http-nio-8080"]
Stopping service [Tomcat]
The stop() method was called on component [StandardServer[-1]] after stop() had already been called. The second call will be ignored.
Stopping ProtocolHandler ["http-nio-8080"]
Destroying ProtocolHandler ["http-nio-8080"]


Error starting ApplicationContext. To display the conditions report re-run your application with 'debug' enabled.
Shutting down ExecutorService 'applicationTaskExecutor'
Starting ExcelApplication on DESKTOP-306J2P2 with PID 4628 (D:\xzt\java\excel\target\classes started by Administrator in D:\xzt\java\excel)
No active profile set, falling back to default profiles: default
No MyBatis mapper was found in '[com.zxjiahhl.excel.mapper]' package. Please check your configuration.
No MyBatis mapper was found in '[com.zxjiahhl.excel]' package. Please check your configuration.
Tomcat initialized with port(s): 8080 (http)
Initializing ProtocolHandler ["http-nio-8080"]
Starting service [Tomcat]
Starting Servlet Engine: Apache Tomcat/9.0.12
The APR based Apache Tomcat Native library which allows optimal performance in production environments was not found on the java.library.path: [D:\devTools\Java\jdk1.8.0_172\bin;C:\WINDOWS\Sun\Java\bin;C:\WINDOWS\system32;C:\WINDOWS;D:\WorkspaceJava\1-ClientDemo\ClientDemo-NetBeansPro;C:\Program Files (x86)\Common Files\Oracle\Java\javapath;C:\Program Files (x86)\Borland\Delphi7\Bin;C:\Program Files (x86)\Borland\Delphi7\Projects\Bpl\;C:\Program Files (x86)\Intel\Intel(R) Management Engine Components\iCLS\;C:\Program Files\Intel\Intel(R) Management Engine Components\iCLS\;C:\Windows\system32;C:\Windows;C:\Windows\System32\Wbem;C:\Windows\System32\WindowsPowerShell\v1.0\;C:\Program Files (x86)\Intel\Intel(R) Management Engine Components\DAL;C:\Program Files\Intel\Intel(R) Management Engine Components\DAL;C:\Program Files (x86)\Intel\Intel(R) Management Engine Components\IPT;C:\Program Files\Intel\Intel(R) Management Engine Components\IPT;C:\Program Files (x86)\NVIDIA Corporation\PhysX\Common;C:\Program Files\Intel\WiFi\bin\;C:\Program Files\Common Files\Intel\WirelessCommon\;C:\WINDOWS\system32;C:\WINDOWS;C:\WINDOWS\System32\Wbem;C:\WINDOWS\System32\WindowsPowerShell\v1.0\;C:\WINDOWS\System32\OpenSSH\;C:\Program Files\Git\cmd;C:\Program Files\Git\mingw64\bin;C:\Program Files\Git\usr\bin;C:\Program Files (x86)\Git\cmd;C:\Program Files (x86)\Git\bin;C:\Program Files\TortoiseGit\bin;C:\Program Files\TortoiseSVN\bin;C:\TDM-GCC-64\bin;D:\go\1.9.2.windows-amd64;D:\go\1.9.2.windows-amd64\BIN;E:\golang项目;;C:\TDM-GCC-64\bin;C:\Program Files (x86)\Linaro\gcc-linaro-arm-linux-gnueabihf-4.8-2014.04\bin;D:\workspace;E:\golang项目;D:\devTools\Java\jdk1.8.0_172\bin;C:\Users\Administrator\AppData\Local\Microsoft\WindowsApps;;.]
Initializing Spring embedded WebApplicationContext
Root WebApplicationContext: initialization completed in 777 ms
Servlet dispatcherServlet mapped to [/]
Mapping filter: 'characterEncodingFilter' to: [/*]
Mapping filter: 'hiddenHttpMethodFilter' to: [/*]
Mapping filter: 'formContentFilter' to: [/*]
Mapping filter: 'requestContextFilter' to: [/*]
Initializing ExecutorService 'applicationTaskExecutor'
Starting ProtocolHandler ["http-nio-8080"]
Using a shared selector for servlet write/read
Tomcat started on port(s): 8080 (http) with context path ''
Started ExcelApplication in 1.863 seconds (JVM running for 2.558)
